0 info it worked if it ends with ok
1 verbose cli [ 'node', '/usr/local/bin/npm', 'install', '-g', 'gulp-connect' ]
2 info using npm@1.4.28
3 info using node@v0.10.33
4 verbose cache add [ 'gulp-connect', null ]
5 verbose cache add name=undefined spec="gulp-connect" args=["gulp-connect",null]
6 verbose parsed url { protocol: null,
6 verbose parsed url   slashes: null,
6 verbose parsed url   auth: null,
6 verbose parsed url   host: null,
6 verbose parsed url   port: null,
6 verbose parsed url   hostname: null,
6 verbose parsed url   hash: null,
6 verbose parsed url   search: null,
6 verbose parsed url   query: null,
6 verbose parsed url   pathname: 'gulp-connect',
6 verbose parsed url   path: 'gulp-connect',
6 verbose parsed url   href: 'gulp-connect' }
7 silly lockFile 08293c24-gulp-connect gulp-connect
8 verbose lock gulp-connect /Users/Macsimus/.npm/08293c24-gulp-connect.lock
9 silly lockFile 08293c24-gulp-connect gulp-connect
10 silly lockFile 08293c24-gulp-connect gulp-connect
11 verbose addNamed [ 'gulp-connect', '' ]
12 verbose addNamed [ null, '*' ]
13 silly lockFile 7e07fb61-gulp-connect gulp-connect@
14 verbose lock gulp-connect@ /Users/Macsimus/.npm/7e07fb61-gulp-connect.lock
15 silly addNameRange { name: 'gulp-connect', range: '*', hasData: false }
16 verbose request where is /gulp-connect
17 verbose request registry https://registry.npmjs.org/
18 verbose request id a545e8211ccbd4b0
19 verbose url raw /gulp-connect
20 verbose url resolving [ 'https://registry.npmjs.org/', './gulp-connect' ]
21 verbose url resolved https://registry.npmjs.org/gulp-connect
22 verbose request where is https://registry.npmjs.org/gulp-connect
23 info trying registry request attempt 1 at 08:47:23
24 http GET https://registry.npmjs.org/gulp-connect
25 http 200 https://registry.npmjs.org/gulp-connect
26 silly registry.get cb [ 200,
26 silly registry.get   { date: 'Mon, 01 Dec 2014 13:47:21 GMT',
26 silly registry.get     server: 'CouchDB/1.5.0 (Erlang OTP/R16B03)',
26 silly registry.get     etag: '"74N8WS19WCOSOAIA47OPA0DKO"',
26 silly registry.get     'content-type': 'application/json',
26 silly registry.get     'cache-control': 'max-age=60',
26 silly registry.get     'content-length': '46098',
26 silly registry.get     'accept-ranges': 'bytes',
26 silly registry.get     via: '1.1 varnish',
26 silly registry.get     age: '0',
26 silly registry.get     'x-served-by': 'cache-dfw1833-DFW',
26 silly registry.get     'x-cache': 'HIT',
26 silly registry.get     'x-cache-hits': '1',
26 silly registry.get     'x-timer': 'S1417441641.212959,VS0,VE41',
26 silly registry.get     vary: 'Accept',
26 silly registry.get     'keep-alive': 'timeout=10, max=50',
26 silly registry.get     connection: 'Keep-Alive' } ]
27 silly addNameRange number 2 { name: 'gulp-connect', range: '*', hasData: true }
28 silly addNameRange versions [ 'gulp-connect',
28 silly addNameRange   [ '0.0.1',
28 silly addNameRange     '0.1.1',
28 silly addNameRange     '0.1.2',
28 silly addNameRange     '0.1.3',
28 silly addNameRange     '0.1.4',
28 silly addNameRange     '0.1.5',
28 silly addNameRange     '0.1.6',
28 silly addNameRange     '0.2.0',
28 silly addNameRange     '0.3.0',
28 silly addNameRange     '0.3.1',
28 silly addNameRange     '0.4.0',
28 silly addNameRange     '0.5.0',
28 silly addNameRange     '0.6.0',
28 silly addNameRange     '0.7.0',
28 silly addNameRange     '0.8.0',
28 silly addNameRange     '0.9.0',
28 silly addNameRange     '1.0.0',
28 silly addNameRange     '1.0.1',
28 silly addNameRange     '1.0.2',
28 silly addNameRange     '1.0.3',
28 silly addNameRange     '1.0.4',
28 silly addNameRange     '1.0.5',
28 silly addNameRange     '1.0.6',
28 silly addNameRange     '1.0.7',
28 silly addNameRange     '1.0.9',
28 silly addNameRange     '1.0.10',
28 silly addNameRange     '1.1.0',
28 silly addNameRange     '1.1.1',
28 silly addNameRange     '2.0.0',
28 silly addNameRange     '2.0.1',
28 silly addNameRange     '2.0.2',
28 silly addNameRange     '2.0.3',
28 silly addNameRange     '2.0.4',
28 silly addNameRange     '2.0.5',
28 silly addNameRange     '2.0.6',
28 silly addNameRange     '2.1.0',
28 silly addNameRange     '2.2.0' ] ]
29 verbose addNamed [ 'gulp-connect', '2.2.0' ]
30 verbose addNamed [ '2.2.0', '2.2.0' ]
31 silly lockFile 00c0891a-gulp-connect-2-2-0 gulp-connect@2.2.0
32 verbose lock gulp-connect@2.2.0 /Users/Macsimus/.npm/00c0891a-gulp-connect-2-2-0.lock
33 silly lockFile 23dfc58b-p-connect-gulp-connect-2-2-0-tgz https://registry.npmjs.org/gulp-connect/-/gulp-connect-2.2.0.tgz
34 verbose lock https://registry.npmjs.org/gulp-connect/-/gulp-connect-2.2.0.tgz /Users/Macsimus/.npm/23dfc58b-p-connect-gulp-connect-2-2-0-tgz.lock
35 verbose addRemoteTarball [ 'https://registry.npmjs.org/gulp-connect/-/gulp-connect-2.2.0.tgz',
35 verbose addRemoteTarball   'ff665df039647dc2c0d4ef12bb783a9584aac3cd' ]
36 info retry fetch attempt 1 at 08:47:24
37 verbose fetch to= /var/folders/x5/lh_14tqx4ldc_09lxs08vvpm0000gn/T/npm-4331-Ze7aq2Rg/registry.npmjs.org/gulp-connect/-/gulp-connect-2.2.0.tgz
38 http GET https://registry.npmjs.org/gulp-connect/-/gulp-connect-2.2.0.tgz
39 http 200 https://registry.npmjs.org/gulp-connect/-/gulp-connect-2.2.0.tgz
40 silly lockFile 23dfc58b-p-connect-gulp-connect-2-2-0-tgz https://registry.npmjs.org/gulp-connect/-/gulp-connect-2.2.0.tgz
41 silly lockFile 23dfc58b-p-connect-gulp-connect-2-2-0-tgz https://registry.npmjs.org/gulp-connect/-/gulp-connect-2.2.0.tgz
42 silly lockFile 00c0891a-gulp-connect-2-2-0 gulp-connect@2.2.0
43 silly lockFile 00c0891a-gulp-connect-2-2-0 gulp-connect@2.2.0
44 silly lockFile 7e07fb61-gulp-connect gulp-connect@
45 silly lockFile 7e07fb61-gulp-connect gulp-connect@
46 silly resolved [ { name: 'gulp-connect',
46 silly resolved     version: '2.2.0',
46 silly resolved     description: 'Gulp plugin to run a webserver (with LiveReload)',
46 silly resolved     license: 'MIT',
46 silly resolved     repository: { type: 'git', url: 'git://github.com/avevlad/gulp-connect' },
46 silly resolved     authors: [ [Object], [Object], [Object] ],
46 silly resolved     scripts: { test: 'mocha' },
46 silly resolved     engines: { node: '>=0.10.0' },
46 silly resolved     keywords: [ 'gulpfriendly', 'connect', 'livereload', 'webserver', 'server' ],
46 silly resolved     dependencies:
46 silly resolved      { 'gulp-util': '~2.2.14',
46 silly resolved        'event-stream': '~3.1.0',
46 silly resolved        'connect-livereload': '~0.3.2',
46 silly resolved        'tiny-lr': '^0.0.7',
46 silly resolved        connect: '<2.18.0' },
46 silly resolved     devDependencies:
46 silly resolved      { gulp: '~3.5.1',
46 silly resolved        'gulp-stylus': '0.0.11',
46 silly resolved        mocha: '^1.18.2',
46 silly resolved        supertest: '^0.10.0' },
46 silly resolved     gitHead: '45d69b989be3eac282a5767de07db59ea6bc3ef0',
46 silly resolved     bugs: { url: 'https://github.com/avevlad/gulp-connect/issues' },
46 silly resolved     homepage: 'https://github.com/avevlad/gulp-connect',
46 silly resolved     _id: 'gulp-connect@2.2.0',
46 silly resolved     _shasum: 'ff665df039647dc2c0d4ef12bb783a9584aac3cd',
46 silly resolved     _from: 'gulp-connect@',
46 silly resolved     _npmVersion: '2.1.4',
46 silly resolved     _nodeVersion: '0.10.32',
46 silly resolved     _npmUser: { name: 'avevlad', email: 'dev@vld.me' },
46 silly resolved     maintainers: [ [Object] ],
46 silly resolved     dist:
46 silly resolved      { shasum: 'ff665df039647dc2c0d4ef12bb783a9584aac3cd',
46 silly resolved        tarball: 'http://registry.npmjs.org/gulp-connect/-/gulp-connect-2.2.0.tgz' },
46 silly resolved     directories: {},
46 silly resolved     _resolved: 'https://registry.npmjs.org/gulp-connect/-/gulp-connect-2.2.0.tgz' } ]
47 info install gulp-connect@2.2.0 into /usr/local/lib
48 info installOne gulp-connect@2.2.0
49 verbose lib/node_modules/gulp-connect unbuild
50 verbose tar unpack /Users/Macsimus/.npm/gulp-connect/2.2.0/package.tgz
51 silly lockFile 5771bfb9-al-lib-node-modules-gulp-connect tar:///usr/local/lib/node_modules/gulp-connect
52 verbose lock tar:///usr/local/lib/node_modules/gulp-connect /Users/Macsimus/.npm/5771bfb9-al-lib-node-modules-gulp-connect.lock
53 silly lockFile faa1ce11-m-gulp-connect-2-2-0-package-tgz tar:///Users/Macsimus/.npm/gulp-connect/2.2.0/package.tgz
54 verbose lock tar:///Users/Macsimus/.npm/gulp-connect/2.2.0/package.tgz /Users/Macsimus/.npm/faa1ce11-m-gulp-connect-2-2-0-package-tgz.lock
55 silly gunzTarPerm modes [ '755', '644' ]
56 error Error: EACCES, mkdir '/usr/local/lib/node_modules/gulp-connect'
56 error  { [Error: EACCES, mkdir '/usr/local/lib/node_modules/gulp-connect']
56 error   errno: 3,
56 error   code: 'EACCES',
56 error   path: '/usr/local/lib/node_modules/gulp-connect',
56 error   fstream_type: 'Directory',
56 error   fstream_path: '/usr/local/lib/node_modules/gulp-connect',
56 error   fstream_class: 'DirWriter',
56 error   fstream_stack:
56 error    [ '/usr/local/lib/node_modules/npm/node_modules/fstream/lib/dir-writer.js:36:23',
56 error      '/usr/local/lib/node_modules/npm/node_modules/mkdirp/index.js:46:53',
56 error      'Object.oncomplete (fs.js:107:15)' ] }
57 error Please try running this command again as root/Administrator.
58 error System Darwin 14.0.0
59 error command "node" "/usr/local/bin/npm" "install" "-g" "gulp-connect"
60 error cwd /Users/Macsimus/TheIronYard/crosstrackapp
61 error node -v v0.10.33
62 error npm -v 1.4.28
63 error path /usr/local/lib/node_modules/gulp-connect
64 error fstream_path /usr/local/lib/node_modules/gulp-connect
65 error fstream_type Directory
66 error fstream_class DirWriter
67 error code EACCES
68 error errno 3
69 error stack Error: EACCES, mkdir '/usr/local/lib/node_modules/gulp-connect'
70 error fstream_stack /usr/local/lib/node_modules/npm/node_modules/fstream/lib/dir-writer.js:36:23
70 error fstream_stack /usr/local/lib/node_modules/npm/node_modules/mkdirp/index.js:46:53
70 error fstream_stack Object.oncomplete (fs.js:107:15)
71 verbose exit [ 3, true ]
